
ROM used: 1786 (22%)
          6948 (85%) including unused fragments

          1 Average locations per line
          7 Average locations per statement

RAM used: 113 (15%) at main() level
          133 (17%) worst case

Stack used: 8 worst case (out of 31 total available)

Lines Stmts  %   Files
----- ----- ---  -----
  398   159  59  ALGFRM-RFID.c
  150     0   0  ALGFRM-RFID.h
  450     0   0  ..\..\..\..\PICC4.135\devices\18F6310.h
  191    70  26  ALGFRM-i2c_Flex_LCD.c
  113    40  15  ALGFRM-nrf2401.c
----- -----
 1302   269 Total

Page ROM  %  RAM   Vol Diff  Functions:
---- --- --- ---   --- ----  ----------
0     38   1   1             @delay_ms1
0     30   1   1             @delay_us1
0     24   1   0             @GETCH_BIU_1
0     80   2   1             @I2C_WRITE_1
0     86   2   1   156  1.3  i2c_send_nibble
0     34   1   2   178  3.6  lcd_send_byte
0     18   1   0    48  1.1  lcd_clear
0     92   3   0   362  1.4  lcd_init
0     88   2   2   521  6.8  lcd_gotoxy
0    112   3   2   610  6.3  LCD_PUTC
0    150   4  18  1746  7.9  init_nrf24
0     34   1   1   202  2.7  set_CHID
0     42   1   2   189  4.1  RDA_isr
0     56   2   0   201  4.5  TIMER0_isr
0     92   3   4   573  5.8  EXT_isr
0    130   4   0   935  3.4  init_prog
0    442  12   5  1803  5.9  MAIN
0      8   0   0  3767  7.9  @const245
0     32   1   2             @PSTRINGC_212
0      4   0   0             @const247
 Inline        0             @cinit1

Program metrics:
    Functions               14
    Statements              269
    Comments                422
    Volume (V)              16777
    Difficulty (D)          63.4
    Effort to implement (E) 1064166
    Time to implement (T)   16 hours, 25 minutes
    Est Delivered Bugs (B)  3
    Cyclomatic Complexity   34
    Maintainability (MI)    125

 Segment     Used  Free
-----------  ----  ----
00000-00006     4  4  
00008-000C4   190  0  
000C6-01B00  1558  5158  
01B02-01FFE    34  1244  



