
ROM used: 5592 (68%)
          6948 (85%) including unused fragments

          4 Average locations per line
          15 Average locations per statement

RAM used: 140 (18%) at main() level
          174 (23%) worst case

Stack used: 9 worst case (out of 31 total available)

Lines Stmts  %   Files
----- ----- ---  -----
  417   212  55  ALGFRM-RFID.c
  150     0   0  ALGFRM-RFID.h
  450     0   0  ..\..\..\..\PICC4.135\devices\18F6310.h
  191    70  18  ALGFRM-i2c_Flex_LCD.c
  145    69  18  ALGFRM-DS3231.c
   42     0   0  ALGFRM-DS3231.h
   96    33   9  ALGFRM-nrf2401.c
----- -----
 1491   384 Total

Page ROM  %  RAM   Vol Diff  Functions:
---- --- --- ---   --- ----  ----------
0     38   0   1             @delay_ms1
0     30   0   1             @delay_us1
0     24   0   0             @GETCH_BIU_1
0     80   1   3             @I2C_READ_1
0     80   1   1             @I2C_WRITE_1
0     86   1   1   156  1.3  i2c_send_nibble
0     34   0   2   178  3.6  lcd_send_byte
0     18   0   0    48  1.1  lcd_clear
0     92   1   0   362  1.4  lcd_init
0     88   1   2   521  6.8  lcd_gotoxy
0    112   1   2   668  4.0  LCD_PUTC
0     30   0   3    98  3.3  bcd_to_decimal
0     40   0   3   189  4.1  @DIV88
0     98   1   2   265  4.0  DS3231_Read
0     60   1   2   147  3.0  DS3231_Write
0     22   0   0    50  1.5  DS3231_init
 Inline        6   694  7.3  getTime
 Inline        4   418  3.3  getDate
0    196   2   6   309  4.4  getTemp
0     56   1   2             @ITOF
0    242   2  11             @MULFF
0     74   1   2             @SITOF
0    618   6  16             @ADDFF
0    134   1   3  1425  6.3  init_nrf24
0     34   0   1   202  2.7  set_CHID
0     42   0   2   189  4.1  RDA_isr
0     56   1   0   201  4.5  TIMER0_isr
0     92   1   4   573  5.8  EXT_isr
0    192   2   2  1446  5.4  transmit_data
0    504   5   4   718  4.7  show_parameters
0     12   0   0             @const300
0     32   0   2             @PSTRINGC_213
0     22   0   0             @const302
0     30   0   3             @PSTRINGCN_213
0    102   1   2             @PRINTF_U_213
0     16   0   0             @const308
0     64   1   5             @FTOSD
0    142   1  13             @DIV3232
0    450   4  13             @PRINTF_L32D_213FPFPFR
0     26   0   0             @const317
0     26   0   0             @const318
0     26   0   0             @const319
0    130   1   0   935  3.4  init_prog
0    232   2   1   102  1.8  get_date_time
0    720   6   6  3498  6.9  MAIN
0      8   0   0             @const327
0      4   0   0             @const328
0    184   2   6             @PRINTF_D_213
 Inline        0             @cinit1

Program metrics:
    Functions               24
    Statements              384
    Comments                360
    Volume (V)              22133
    Difficulty (D)          94.0
    Effort to implement (E) 2081280
    Time to implement (T)   32 hours, 7 minutes
    Est Delivered Bugs (B)  5
    Cyclomatic Complexity   38
    Maintainability (MI)    76

 Segment     Used  Free
-----------  ----  ----
00000-00006     4  4  
00008-000C4   190  0  
000C6-01B00  5364  1352  
01B02-01FFE    34  1244  



